Build started 7/25/2017 11:17:56 PM.
     1>Project "D:\Practica_C++\Game_of_Life\Game_of_Life\Game_of_Life.vcxproj" on node 2 (Build target(s)).
     1>ClCompile:
         C:\Program Files (x86)\Microsoft Visual Studio 12.0\VC\bin\CL.exe /c /ZI /nologo /W3 /WX- /Od /Oy- /D WIN32 /D _DEBUG /D _CONSOLE /D _LIB /D _UNICODE /D UNICODE /Gm /EHsc /RTC1 /MDd /GS /fp:precise /Zc:wchar_t /Zc:forScope /Fo"Debug\\" /Fd"Debug\vc120.pdb" /Gd /TP /analyze- /errorReport:prompt game_of_life.cpp main.cpp
         main.cpp
     1>d:\practica_c++\game_of_life\game_of_life\main.cpp(7): warning C4101: 'gridHeight' : unreferenced local variable
     1>d:\practica_c++\game_of_life\game_of_life\main.cpp(8): warning C4101: 'condition' : unreferenced local variable
     1>d:\practica_c++\game_of_life\game_of_life\main.cpp(6): warning C4101: 'gridWidth' : unreferenced local variable
         game_of_life.cpp
         Generating Code...
       Link:
         C:\Program Files (x86)\Microsoft Visual Studio 12.0\VC\bin\link.exe /ERRORREPORT:PROMPT /OUT:"D:\Practica_C++\Game_of_Life\Debug\Game_of_Life.exe" /INCREMENTAL /NOLOGO kernel32.lib user32.lib gdi32.lib winspool.lib comdlg32.lib advapi32.lib shell32.lib ole32.lib oleaut32.lib uuid.lib odbc32.lib odbccp32.lib /MANIFEST /MANIFESTUAC:"level='asInvoker' uiAccess='false'" /manifest:embed /DEBUG /PDB:"D:\Practica_C++\Game_of_Life\Debug\Game_of_Life.pdb" /SUBSYSTEM:CONSOLE /TLBID:1 /DYNAMICBASE /NXCOMPAT /IMPLIB:"D:\Practica_C++\Game_of_Life\Debug\Game_of_Life.lib" /MACHINE:X86 Debug\game_of_life.obj
         Debug\main.obj
     1>main.obj : error LNK2019: unresolved external symbol "public: int __thiscall GameOfLife::getMatrix(void)" (?getMatrix@GameOfLife@@QAEHXZ) referenced in function _main
     1>D:\Practica_C++\Game_of_Life\Debug\Game_of_Life.exe : fatal error LNK1120: 1 unresolved externals
     1>Done Building Project "D:\Practica_C++\Game_of_Life\Game_of_Life\Game_of_Life.vcxproj" (Build target(s)) -- FAILED.

Build FAILED.

Time Elapsed 00:00:01.52
